<?xml version="1.0" encoding="UTF-8"?>
<!-- Generated by org.testng.reporters.JUnitXMLReporter -->
<testsuite hostname="Rohiths-MacBook-Pro.local" ignored="0" name="Default test" tests="2" failures="0" timestamp="24 Sep 2019 15:02:52 GMT" time="34.024" errors="0">
  <testcase name="uiElementChangedCase" time="5.014" classname="rohith.SmartAutomation">
    <skipped/>
  </testcase> <!-- uiElementChangedCase -->
  <testcase name="uiElementChangedCase" time="26.147" classname="rohith.SmartAutomation"/>
</testsuite> <!-- Default test -->
